\BOOKMARK [0][-]{chapter.1}{\376\377\000C\000o\000m\000p\000u\000t\000e\000r\000\040\000L\000a\000b}{}% 1
\BOOKMARK [1][-]{section.1.1}{\376\377\000N\000o\000i\000s\000e\000\040\000A\000n\000a\000l\000y\000s\000i\000s\000\040\000w\000i\000t\000h\000\040\000P\000S\000p\000i\000c\000e}{chapter.1}% 2
\BOOKMARK [2][-]{subsection.1.1.1}{\376\377\000T\000a\000s\000k\000\040\000D\000e\000s\000c\000r\000i\000p\000t\000i\000o\000n}{section.1.1}% 3
\BOOKMARK [2][-]{subsection.1.1.2}{\376\377\000S\000c\000h\000e\000m\000a\000t\000i\000c}{section.1.1}% 4
\BOOKMARK [2][-]{subsection.1.1.3}{\376\377\000C\000u\000r\000v\000e\000s\000\040\000\046\000\040\000D\000i\000a\000g\000r\000a\000m\000s}{section.1.1}% 5
\BOOKMARK [2][-]{subsection.1.1.4}{\376\377\000D\000i\000s\000c\000u\000s\000s\000i\000o\000n\000\040\000o\000f\000\040\000M\000e\000a\000s\000u\000r\000e\000m\000e\000n\000t\000\040\000R\000e\000s\000u\000l\000t\000s}{section.1.1}% 6
\BOOKMARK [0][-]{chapter.2}{\376\377\000E\000l\000e\000c\000t\000r\000o\000n\000i\000c\000\040\000L\000a\000b}{}% 7
\BOOKMARK [1][-]{section.2.1}{\376\377\000A\000c\000t\000i\000v\000e\000\040\000B\000a\000n\000d\000-\000p\000a\000s\000s\000\040\000F\000i\000l\000t\000e\000r}{chapter.2}% 8
\BOOKMARK [2][-]{subsection.2.1.1}{\376\377\000T\000a\000s\000k\000\040\000D\000e\000s\000c\000r\000i\000p\000t\000i\000o\000n}{section.2.1}% 9
\BOOKMARK [2][-]{subsection.2.1.2}{\376\377\000S\000c\000h\000e\000m\000a\000t\000i\000c}{section.2.1}% 10
\BOOKMARK [2][-]{subsection.2.1.3}{\376\377\000F\000o\000r\000m\000u\000l\000a\000s\000\040\000a\000n\000d\000\040\000C\000a\000l\000c\000u\000l\000a\000t\000i\000o\000n\000s}{section.2.1}% 11
\BOOKMARK [2][-]{subsection.2.1.4}{\376\377\000T\000a\000b\000l\000e\000\050\000s\000\051\000\040\000w\000i\000t\000h\000\040\000M\000e\000a\000s\000u\000r\000e\000m\000e\000n\000t\000\040\000R\000e\000s\000u\000l\000t\000s}{section.2.1}% 12
\BOOKMARK [2][-]{subsection.2.1.5}{\376\377\000C\000u\000r\000v\000e\000s\000\040\000\046\000\040\000D\000i\000a\000g\000r\000a\000m\000s}{section.2.1}% 13
\BOOKMARK [2][-]{subsection.2.1.6}{\376\377\000D\000i\000s\000c\000u\000s\000s\000i\000o\000n\000\040\000o\000f\000\040\000M\000e\000a\000s\000u\000r\000e\000m\000e\000n\000t\000\040\000R\000e\000s\000u\000l\000t\000s}{section.2.1}% 14
\BOOKMARK [1][-]{section.2.2}{\376\377\000A\000D\000C\000-\000D\000r\000i\000v\000e\000r\000\040\000A\000n\000d\000\040\000A\000n\000t\000i\000-\000a\000l\000i\000a\000s\000i\000n\000g\000\040\000F\000i\000l\000t\000e\000r}{chapter.2}% 15
\BOOKMARK [2][-]{subsection.2.2.1}{\376\377\000T\000a\000s\000k\000\040\000D\000e\000s\000c\000r\000i\000p\000t\000i\000o\000n}{section.2.2}% 16
\BOOKMARK [2][-]{subsection.2.2.2}{\376\377\000S\000c\000h\000e\000m\000a\000t\000i\000c}{section.2.2}% 17
\BOOKMARK [2][-]{subsection.2.2.3}{\376\377\000F\000o\000r\000m\000u\000l\000a\000s\000\040\000a\000n\000d\000\040\000C\000a\000l\000c\000u\000l\000a\000t\000i\000o\000n\000s}{section.2.2}% 18
\BOOKMARK [2][-]{subsection.2.2.4}{\376\377\000T\000a\000b\000l\000e\000\050\000s\000\051\000\040\000w\000i\000t\000h\000\040\000M\000e\000a\000s\000u\000r\000e\000m\000e\000n\000t\000\040\000R\000e\000s\000u\000l\000t\000s}{section.2.2}% 19
\BOOKMARK [2][-]{subsection.2.2.5}{\376\377\000C\000u\000r\000v\000e\000s\000\040\000\046\000\040\000D\000i\000a\000g\000r\000a\000m\000s}{section.2.2}% 20
\BOOKMARK [2][-]{subsection.2.2.6}{\376\377\000D\000i\000s\000c\000u\000s\000s\000i\000o\000n\000\040\000o\000f\000\040\000M\000e\000a\000s\000u\000r\000e\000m\000e\000n\000t\000\040\000R\000e\000s\000u\000l\000t\000s}{section.2.2}% 21
\BOOKMARK [1][-]{section.2.3}{\376\377\000S\000w\000i\000t\000c\000h\000e\000d\000\040\000C\000a\000p\000a\000c\000i\000t\000o\000r\000\040\000F\000i\000l\000t\000e\000r}{chapter.2}% 22
\BOOKMARK [2][-]{subsection.2.3.1}{\376\377\000T\000a\000s\000k\000\040\000D\000e\000s\000c\000r\000i\000p\000t\000i\000o\000n}{section.2.3}% 23
\BOOKMARK [2][-]{subsection.2.3.2}{\376\377\000S\000c\000h\000e\000m\000a\000t\000i\000c}{section.2.3}% 24
\BOOKMARK [2][-]{subsection.2.3.3}{\376\377\000F\000o\000r\000m\000u\000l\000a\000s\000\040\000a\000n\000d\000\040\000C\000a\000l\000c\000u\000l\000a\000t\000i\000o\000n\000s}{section.2.3}% 25
\BOOKMARK [2][-]{subsection.2.3.4}{\376\377\000T\000a\000b\000l\000e\000\050\000s\000\051\000\040\000w\000i\000t\000h\000\040\000M\000e\000a\000s\000u\000r\000e\000m\000e\000n\000t\000\040\000R\000e\000s\000u\000l\000t\000s}{section.2.3}% 26
\BOOKMARK [2][-]{subsection.2.3.5}{\376\377\000C\000u\000r\000v\000e\000s\000\040\000\046\000\040\000D\000i\000a\000g\000r\000a\000m\000s}{section.2.3}% 27
\BOOKMARK [2][-]{subsection.2.3.6}{\376\377\000D\000i\000s\000c\000u\000s\000s\000i\000o\000n\000\040\000o\000f\000\040\000M\000e\000a\000s\000u\000r\000e\000m\000e\000n\000t\000\040\000R\000e\000s\000u\000l\000t\000s}{section.2.3}% 28
\BOOKMARK [0][-]{chapter*.48}{\376\377\000E\000q\000u\000i\000p\000m\000e\000n\000t\000\040\000U\000s\000e\000d}{}% 29
\BOOKMARK [0][-]{appendix.1.A}{\376\377\000A\000p\000p\000e\000n\000d\000i\000x}{}% 30
\BOOKMARK [1][-]{section.1.A.1}{\376\377\000C\000a\000l\000c\000u\000l\000a\000t\000i\000o\000n\000s}{appendix.1.A}% 31
\BOOKMARK [2][-]{subsection.1.A.1.1}{\376\377\000A\000c\000t\000i\000v\000e\000\040\000B\000a\000n\000d\000-\000p\000a\000s\000s\000\040\000F\000i\000l\000t\000e\000r}{section.1.A.1}% 32
\BOOKMARK [1][-]{section.1.A.2}{\376\377\000M\000a\000t\000l\000a\000b}{appendix.1.A}% 33
\BOOKMARK [1][-]{section.1.A.3}{\376\377\000M\000e\000a\000s\000u\000r\000e\000m\000e\000n\000t\000s}{appendix.1.A}% 34
